2026-04-18T06:41:41Z === hands-on-metal collect.sh start ===
2026-04-18T06:41:41Z [INFO ] Running WITHOUT root — some data sources will be skipped
2026-04-18T06:41:41Z [INFO ] Root-only: dmesg, /sys/kernel/debug/pinctrl, block device DD,
2026-04-18T06:41:41Z [INFO ]            vendor library symbols, readelf sections
2026-04-18T06:41:41Z Device: Pixel 8 Pro
2026-04-18T06:41:41Z Collecting getprop...
2026-04-18T06:41:42Z Collecting lshal...
2026-04-18T06:41:42Z [SKIP ] dmesg requires root
2026-04-18T06:41:42Z Collecting lsmod / modinfo...
2026-04-18T06:41:42Z [SKIP ] modinfo requires root
2026-04-18T06:41:42Z Collecting /proc files...
2026-04-18T06:41:42Z Collecting pinctrl...
2026-04-18T06:41:42Z [SKIP ] /sys/kernel/debug/pinctrl requires root
2026-04-18T06:41:42Z Collecting platform devices...
2026-04-18T06:41:42Z Collecting sysfs class entries...
2026-04-18T06:41:43Z --- Regulator data sanity check (first 10 entries) ---
2026-04-18T06:41:43Z [WARN ] No regulator entries found under /sdcard/hands-on-metal/live_dump/sys/class/regulator
2026-04-18T06:41:43Z [WARN ] /sys/class/display collected no entries.
2026-04-18T06:41:43Z --- End regulator sanity check ---
2026-04-18T06:41:43Z ======================================================
2026-04-18T06:41:43Z HARDWARE DATA WARNING — hw_env=termux
2026-04-18T06:41:43Z [WARN ] Running inside Termux (TERMUX_VERSION=0.118.3).
2026-04-18T06:41:43Z [WARN ] Sysfs regulator/display paths are readable but reflect the host
2026-04-18T06:41:43Z [WARN ] kernel, not a Magisk-rooted context. Real microvolts data is only
2026-04-18T06:41:43Z [WARN ] available when collect.sh runs as root via Magisk service.sh.
2026-04-18T06:41:43Z [WARN ] /sys/class/regulator collected no entries — display adapter voltages
2026-04-18T06:41:43Z [WARN ] will be missing from the analysis. See docs/TROUBLESHOOTING.md
2026-04-18T06:41:43Z [WARN ] section 'Empty or dummy hardware data' for remediation.
2026-04-18T06:41:43Z [WARN ] /sys/class/display is empty. Display adapter sysfs data is missing.
2026-04-18T06:41:43Z [WARN ] On a real rooted device this directory lists panel/adapter nodes.
2026-04-18T06:41:43Z See docs/TROUBLESHOOTING.md § 'Empty or dummy hardware data'
2026-04-18T06:41:43Z ======================================================
2026-04-18T06:41:44Z Collecting VINTF manifests...
2026-04-18T06:41:55Z Collecting sysconfig...
2026-04-18T06:41:58Z Collecting .pb files...
2026-04-18T06:41:59Z Collecting compatibility matrices...
2026-04-18T06:42:09Z Collecting HAL permission XMLs...
2026-04-18T06:42:22Z Collecting RC files...
2026-04-18T06:42:51Z Collecting SELinux policies...
2026-04-18T06:42:54Z [SKIP ] vendor library symbols require root
2026-04-18T06:42:54Z [SKIP ] readelf vendor sections require root
2026-04-18T06:42:54Z Writing board summary...
2026-04-18T06:42:54Z Collecting DTBO info...
2026-04-18T06:42:54Z Collecting encryption state...
2026-04-18T06:42:55Z [SKIP ] dmsetup requires root
2026-04-18T06:42:55Z Collecting fstab files...
2026-04-18T06:42:57Z [SKIP ] Boot partition DD requires root
2026-04-18T06:42:58Z Updating env registry with collection paths...
2026-04-18T06:42:59Z === Collection complete: 460 files captured ===
2026-04-18T06:42:59Z [INFO ] Non-root collection — some data sources were skipped.
2026-04-18T06:42:59Z [INFO ] For full collection, run again with root (Magisk su or recovery).
2026-04-18T06:42:59Z Output: /sdcard/hands-on-metal/live_dump
2026-04-18T09:19:33Z === hands-on-metal collect.sh start ===
2026-04-18T09:19:33Z [INFO ] Running WITHOUT root — some data sources will be skipped
2026-04-18T09:19:33Z [INFO ] Root-only: dmesg, /sys/kernel/debug/pinctrl, block device DD,
2026-04-18T09:19:33Z [INFO ]            vendor library symbols, readelf sections
2026-04-18T09:19:33Z Device: Pixel 8 Pro
2026-04-18T09:19:33Z Collecting getprop...
2026-04-18T09:19:33Z Collecting lshal...
2026-04-18T09:19:33Z [SKIP ] dmesg requires root
2026-04-18T09:19:33Z Collecting lsmod / modinfo...
2026-04-18T09:19:33Z [SKIP ] modinfo requires root
2026-04-18T09:19:33Z Collecting /proc files...
2026-04-18T09:19:34Z Collecting pinctrl...
2026-04-18T09:19:34Z [SKIP ] /sys/kernel/debug/pinctrl requires root
2026-04-18T09:19:34Z Collecting platform devices...
2026-04-18T09:19:34Z Collecting sysfs class entries...
2026-04-18T09:19:34Z --- Regulator data sanity check (first 10 entries) ---
2026-04-18T09:19:34Z [WARN ] No regulator entries found under /sdcard/hands-on-metal/live_dump/sys/class/regulator
2026-04-18T09:19:34Z [WARN ] /sys/class/display collected no entries.
2026-04-18T09:19:34Z --- End regulator sanity check ---
2026-04-18T09:19:34Z ======================================================
2026-04-18T09:19:34Z HARDWARE DATA WARNING — hw_env=termux
2026-04-18T09:19:34Z [WARN ] Running inside Termux (TERMUX_VERSION=0.118.3).
2026-04-18T09:19:34Z [WARN ] Sysfs regulator/display paths are readable but reflect the host
2026-04-18T09:19:34Z [WARN ] kernel, not a Magisk-rooted context. Real microvolts data is only
2026-04-18T09:19:35Z [WARN ] available when collect.sh runs as root via Magisk service.sh.
2026-04-18T09:19:35Z [WARN ] /sys/class/regulator collected no entries — display adapter voltages
2026-04-18T09:19:35Z [WARN ] will be missing from the analysis. See docs/TROUBLESHOOTING.md
2026-04-18T09:19:35Z [WARN ] section 'Empty or dummy hardware data' for remediation.
2026-04-18T09:19:35Z [WARN ] /sys/class/display is empty. Display adapter sysfs data is missing.
2026-04-18T09:19:35Z [WARN ] On a real rooted device this directory lists panel/adapter nodes.
2026-04-18T09:19:35Z See docs/TROUBLESHOOTING.md § 'Empty or dummy hardware data'
2026-04-18T09:19:35Z ======================================================
2026-04-18T09:19:35Z Collecting VINTF manifests...
2026-04-18T09:19:45Z Collecting sysconfig...
2026-04-18T09:19:47Z Collecting .pb files...
2026-04-18T09:19:49Z Collecting compatibility matrices...
2026-04-18T09:19:58Z Collecting HAL permission XMLs...
2026-04-18T09:20:10Z Collecting RC files...
2026-04-18T09:20:37Z Collecting SELinux policies...
2026-04-18T09:20:40Z [SKIP ] vendor library symbols require root
2026-04-18T09:20:40Z [SKIP ] readelf vendor sections require root
2026-04-18T09:20:41Z Writing board summary...
2026-04-18T09:20:41Z Collecting DTBO info...
2026-04-18T09:20:41Z Collecting encryption state...
2026-04-18T09:20:42Z [SKIP ] dmsetup requires root
2026-04-18T09:20:42Z Collecting fstab files...
2026-04-18T09:20:45Z [SKIP ] Boot partition DD requires root
2026-04-18T09:20:45Z Updating env registry with collection paths...
2026-04-18T09:20:47Z === Collection complete: 460 files captured ===
2026-04-18T09:20:47Z [INFO ] Non-root collection — some data sources were skipped.
2026-04-18T09:20:47Z [INFO ] For full collection, run again with root (Magisk su or recovery).
2026-04-18T09:20:47Z Output: /sdcard/hands-on-metal/live_dump
2026-04-18T14:09:54Z === hands-on-metal collect.sh start ===
2026-04-18T14:09:54Z [INFO ] Running WITHOUT root — some data sources will be skipped
2026-04-18T14:09:54Z [INFO ] Root-only: dmesg, /sys/kernel/debug/pinctrl, block device DD,
2026-04-18T14:09:54Z [INFO ]            vendor library symbols, readelf sections
2026-04-18T14:09:54Z Device: Pixel 8 Pro
2026-04-18T14:09:55Z Collecting getprop...
2026-04-18T14:09:55Z Collecting lshal...
2026-04-18T14:09:55Z [SKIP ] dmesg requires root
2026-04-18T14:09:55Z Collecting lsmod / modinfo...
2026-04-18T14:09:55Z [SKIP ] modinfo requires root
2026-04-18T14:09:55Z Collecting /proc files...
2026-04-18T14:09:55Z Collecting pinctrl...
2026-04-18T14:09:55Z [SKIP ] /sys/kernel/debug/pinctrl requires root
2026-04-18T14:09:55Z Collecting platform devices...
2026-04-18T14:09:55Z Collecting sysfs class entries...
2026-04-18T14:09:56Z --- Regulator data sanity check (first 10 entries) ---
2026-04-18T14:09:56Z [WARN ] No regulator entries found under /sdcard/hands-on-metal/live_dump/sys/class/regulator
2026-04-18T14:09:56Z [WARN ] /sys/class/display collected no entries.
2026-04-18T14:09:56Z --- End regulator sanity check ---
2026-04-18T14:09:56Z ======================================================
2026-04-18T14:09:56Z HARDWARE DATA WARNING — hw_env=termux
2026-04-18T14:09:56Z [WARN ] Running inside Termux (TERMUX_VERSION=0.118.3).
2026-04-18T14:09:56Z [WARN ] Sysfs regulator/display paths are readable but reflect the host
2026-04-18T14:09:56Z [WARN ] kernel, not a Magisk-rooted context. Real microvolts data is only
2026-04-18T14:09:56Z [WARN ] available when collect.sh runs as root via Magisk service.sh.
2026-04-18T14:09:56Z [WARN ] /sys/class/regulator collected no entries — display adapter voltages
2026-04-18T14:09:56Z [WARN ] will be missing from the analysis. See docs/TROUBLESHOOTING.md
2026-04-18T14:09:56Z [WARN ] section 'Empty or dummy hardware data' for remediation.
2026-04-18T14:09:56Z [WARN ] /sys/class/display is empty. Display adapter sysfs data is missing.
2026-04-18T14:09:56Z [WARN ] On a real rooted device this directory lists panel/adapter nodes.
2026-04-18T14:09:56Z See docs/TROUBLESHOOTING.md § 'Empty or dummy hardware data'
2026-04-18T14:09:56Z ======================================================
2026-04-18T14:09:57Z Collecting VINTF manifests...
2026-04-18T14:10:07Z Collecting sysconfig...
2026-04-18T14:10:09Z Collecting .pb files...
2026-04-18T14:10:10Z Collecting compatibility matrices...
2026-04-18T14:10:20Z Collecting HAL permission XMLs...
2026-04-18T14:10:31Z Collecting RC files...
2026-04-18T14:10:57Z Collecting SELinux policies...
2026-04-18T14:11:00Z [SKIP ] vendor library symbols require root
2026-04-18T14:11:00Z [SKIP ] readelf vendor sections require root
2026-04-18T14:11:00Z Writing board summary...
2026-04-18T14:11:00Z Collecting DTBO info...
2026-04-18T14:11:00Z Collecting encryption state...
2026-04-18T14:11:01Z [SKIP ] dmsetup requires root
2026-04-18T14:11:01Z Collecting fstab files...
2026-04-18T14:11:03Z [SKIP ] Boot partition DD requires root
2026-04-18T14:11:03Z Updating env registry with collection paths...
2026-04-18T14:11:05Z === Collection complete: 460 files captured ===
2026-04-18T14:11:05Z [INFO ] Non-root collection — some data sources were skipped.
2026-04-18T14:11:05Z [INFO ] For full collection, run again with root (Magisk su or recovery).
2026-04-18T14:11:05Z Output: /sdcard/hands-on-metal/live_dump
2026-04-18T15:03:10Z === hands-on-metal collect.sh start ===
2026-04-18T15:03:10Z [INFO ] Running WITHOUT root — some data sources will be skipped
2026-04-18T15:03:10Z [INFO ] Root-only: dmesg, /sys/kernel/debug/pinctrl, block device DD,
2026-04-18T15:03:10Z [INFO ]            vendor library symbols, readelf sections
2026-04-18T15:03:10Z Device: Pixel 8 Pro
2026-04-18T15:03:10Z Collecting getprop...
2026-04-18T15:03:11Z Collecting lshal...
2026-04-18T15:03:11Z [SKIP ] dmesg requires root
2026-04-18T15:03:11Z Collecting lsmod / modinfo...
2026-04-18T15:03:11Z [SKIP ] modinfo requires root
2026-04-18T15:03:11Z Collecting /proc files...
2026-04-18T15:03:11Z Collecting pinctrl...
2026-04-18T15:03:11Z [SKIP ] /sys/kernel/debug/pinctrl requires root
2026-04-18T15:03:11Z Collecting platform devices...
2026-04-18T15:03:11Z Collecting sysfs class entries...
2026-04-18T15:03:12Z --- Regulator data sanity check (first 10 entries) ---
2026-04-18T15:03:12Z [WARN ] No regulator entries found under /sdcard/hands-on-metal/live_dump/sys/class/regulator
2026-04-18T15:03:12Z [WARN ] /sys/class/display collected no entries.
2026-04-18T15:03:12Z --- End regulator sanity check ---
2026-04-18T15:03:12Z ======================================================
2026-04-18T15:03:12Z HARDWARE DATA WARNING — hw_env=termux
2026-04-18T15:03:12Z [WARN ] Running inside Termux (TERMUX_VERSION=0.118.3).
2026-04-18T15:03:12Z [WARN ] Sysfs regulator/display paths are readable but reflect the host
2026-04-18T15:03:12Z [WARN ] kernel, not a Magisk-rooted context. Real microvolts data is only
2026-04-18T15:03:12Z [WARN ] available when collect.sh runs as root via Magisk service.sh.
2026-04-18T15:03:12Z [WARN ] /sys/class/regulator collected no entries — display adapter voltages
2026-04-18T15:03:12Z [WARN ] will be missing from the analysis. See docs/TROUBLESHOOTING.md
2026-04-18T15:03:12Z [WARN ] section 'Empty or dummy hardware data' for remediation.
2026-04-18T15:03:12Z [WARN ] /sys/class/display is empty. Display adapter sysfs data is missing.
2026-04-18T15:03:12Z [WARN ] On a real rooted device this directory lists panel/adapter nodes.
2026-04-18T15:03:12Z See docs/TROUBLESHOOTING.md § 'Empty or dummy hardware data'
2026-04-18T15:03:12Z ======================================================
2026-04-18T15:03:13Z Collecting VINTF manifests...
2026-04-18T15:03:22Z Collecting sysconfig...
2026-04-18T15:03:24Z Collecting .pb files...
2026-04-18T15:03:26Z Collecting compatibility matrices...
2026-04-18T15:03:36Z Collecting HAL permission XMLs...
2026-04-18T15:03:47Z Collecting RC files...
2026-04-18T15:04:13Z Collecting SELinux policies...
2026-04-18T15:04:15Z [SKIP ] vendor library symbols require root
2026-04-18T15:04:15Z [SKIP ] readelf vendor sections require root
2026-04-18T15:04:15Z Writing board summary...
2026-04-18T15:04:16Z Collecting DTBO info...
2026-04-18T15:04:16Z Collecting encryption state...
2026-04-18T15:04:16Z [SKIP ] dmsetup requires root
2026-04-18T15:04:16Z Collecting fstab files...
2026-04-18T15:04:19Z [SKIP ] Boot partition DD requires root
2026-04-18T15:04:19Z Updating env registry with collection paths...
2026-04-18T15:04:20Z === Collection complete: 460 files captured ===
2026-04-18T15:04:20Z [INFO ] Non-root collection — some data sources were skipped.
2026-04-18T15:04:20Z [INFO ] For full collection, run again with root (Magisk su or recovery).
2026-04-18T15:04:21Z Output: /sdcard/hands-on-metal/live_dump
